  Main.cpp
C:\Multiplayer SFML\Game\Rinha\gameHelper.h(234,1): warning C4305: '*=': truncamento de 'double' para 'float'
C:\Multiplayer SFML\Game\Rinha\gameHelper.h(235,1): warning C4305: '*=': truncamento de 'double' para 'float'
C:\Multiplayer SFML\Game\Rinha\gameHelper.h(262,11): warning C4305: 'inicializando': truncamento de 'double' para 'float'
C:\Multiplayer SFML\Game\Rinha\gameHelper.h(263,11): warning C4305: 'inicializando': truncamento de 'double' para 'float'
C:\Multiplayer SFML\Game\Rinha\gameHelper.h(265,11): warning C4305: 'inicializando': truncamento de 'double' para 'float'
C:\Multiplayer SFML\Game\Rinha\gameHelper.h(266,11): warning C4305: 'inicializando': truncamento de 'double' para 'float'
C:\Multiplayer SFML\Game\Rinha\gameHelper.h(337,64): warning C4099: 'SpriteData': nome de tipo visto primeiro usando 'class', agora visto usando 'struct'
C:\Multiplayer SFML\Game\Rinha\gameHelper.h(293,7): message : consulte a declaração de 'SpriteData'
C:\Multiplayer SFML\Game\Rinha\gameHelper.h(341,64): warning C4099: 'SpriteData': nome de tipo visto primeiro usando 'class', agora visto usando 'struct'
C:\Multiplayer SFML\Game\Rinha\gameHelper.h(293,7): message : consulte a declaração de 'SpriteData'
C:\Multiplayer SFML\Game\Rinha\gameHelper.h(635,1): warning C4305: '=': truncamento de 'double' para 'float'
C:\Multiplayer SFML\Game\Rinha\gameHelper.h(636,1): warning C4305: '=': truncamento de 'double' para 'float'
C:\Multiplayer SFML\Game\Rinha\gameObject.h(93,1): warning C4305: '=': truncamento de 'double' para 'float'
C:\Multiplayer SFML\Game\Rinha\gameObject.h(94,1): warning C4305: '=': truncamento de 'double' para 'float'
C:\Multiplayer SFML\Game\Rinha\gameObject.h(207,74): warning C4244: 'argumento': conversão de 'int' para 'float', possível perda de dados
C:\Multiplayer SFML\Game\Rinha\gameObject.h(207,56): warning C4244: 'argumento': conversão de 'int' para 'float', possível perda de dados
C:\Multiplayer SFML\Game\Rinha\gameObject.h(208,75): warning C4244: 'argumento': conversão de 'float' para 'sf::Uint8', possível perda de dados
C:\Multiplayer SFML\Game\Rinha\gameObject.h(208,65): warning C4244: 'argumento': conversão de 'float' para 'sf::Uint8', possível perda de dados
C:\Multiplayer SFML\Game\Rinha\gameHelper.h(738,40): warning C4267: 'inicializando': conversão de 'size_t' para 'int', possível perda de dados
C:\Multiplayer SFML\Game\Rinha\gameHelper.h(753,40): warning C4267: 'inicializando': conversão de 'size_t' para 'int', possível perda de dados
C:\Multiplayer SFML\Game\Rinha\gameHelper.h(769,40): warning C4267: 'inicializando': conversão de 'size_t' para 'int', possível perda de dados
C:\Multiplayer SFML\Game\Rinha\gameHelper.h(790,40): warning C4267: 'inicializando': conversão de 'size_t' para 'int', possível perda de dados
C:\Multiplayer SFML\Game\Rinha\gameHelper.h(805,36): warning C4267: 'inicializando': conversão de 'size_t' para 'int', possível perda de dados
C:\Multiplayer SFML\Game\Rinha\gameObjectHandle.h(30,1): warning C4267: 'inicializando': conversão de 'size_t' para 'int', possível perda de dados
C:\Multiplayer SFML\Game\Rinha\gameObjectHandle.h(56,1): warning C4267: 'inicializando': conversão de 'size_t' para 'int', possível perda de dados
C:\Multiplayer SFML\Game\Rinha\gameObjectHandle.h(71,44): warning C4244: 'inicializando': conversão de 'int' para 'float', possível perda de dados
C:\Multiplayer SFML\Game\Rinha\gameObjectHandle.h(72,33): warning C4244: 'inicializando': conversão de 'double' para 'float', possível perda de dados
C:\Multiplayer SFML\Game\Rinha\gameObjectHandle.h(147,64): warning C4244: 'inicializando': conversão de 'int' para 'float', possível perda de dados
C:\Multiplayer SFML\Game\Rinha\gameObjectHandle.h(148,53): warning C4244: 'inicializando': conversão de 'double' para 'float', possível perda de dados
C:\Multiplayer SFML\Game\Rinha\gameObjectHandle.h(284,50): warning C4244: 'argumento': conversão de 'int' para 'float', possível perda de dados
C:\Multiplayer SFML\Game\Rinha\gameObjectHandle.h(288,28): warning C4804: '>': uso não seguro de tipo 'bool' em operação
C:\Multiplayer SFML\Game\Rinha\gameObjectHandle.h(331,50): warning C4244: 'argumento': conversão de 'int' para 'float', possível perda de dados
C:\Multiplayer SFML\Game\Rinha\gameObjectHandle.h(374,1): warning C4305: '*=': truncamento de 'double' para 'float'
C:\Multiplayer SFML\Game\Rinha\gameObjectHandle.h(439,51): warning C4244: 'argumento': conversão de 'int' para 'float', possível perda de dados
C:\Multiplayer SFML\Game\Rinha\gameObjectHandle.h(439,39): warning C4244: 'argumento': conversão de 'int' para 'float', possível perda de dados
C:\Multiplayer SFML\Game\Rinha\gameObjectHandle.h(439,30): warning C4244: 'argumento': conversão de 'int' para 'float', possível perda de dados
C:\Multiplayer SFML\Game\Rinha\gameObjectHandle.h(439,21): warning C4244: 'argumento': conversão de 'int' para 'float', possível perda de dados
C:\Multiplayer SFML\Game\Rinha\gameHelper.h(935,46): warning C4267: 'inicializando': conversão de 'size_t' para 'int', possível perda de dados
C:\Multiplayer SFML\Game\Rinha\gameHelper.h(979,1): warning C4305: '=': truncamento de 'double' para 'float'
C:\Multiplayer SFML\Game\Rinha\gameHelper.h(992,38): warning C4267: 'inicializando': conversão de 'size_t' para 'int', possível perda de dados
C:\Multiplayer SFML\Game\Rinha\eventHandler.h(207,1): warning C4099: 'RoomInfo': nome de tipo visto primeiro usando 'class', agora visto usando 'struct'
C:\Multiplayer SFML\Game\Rinha\gameHelper.h(161,7): message : consulte a declaração de 'RoomInfo'
C:\Multiplayer SFML\Game\Rinha\eventHandler.h(284,1): warning C4305: '=': truncamento de 'double' para 'float'
C:\Multiplayer SFML\Game\Rinha\gameRoomHandle.h(39,1): warning C4305: '*=': truncamento de 'double' para 'float'
C:\Multiplayer SFML\Game\Rinha\gameRoomHandle.h(50,1): warning C4305: '*=': truncamento de 'double' para 'float'
C:\Multiplayer SFML\Game\Rinha\gameRoomHandle.h(51,1): warning C4305: '*=': truncamento de 'double' para 'float'
C:\Multiplayer SFML\Game\Rinha\serverMain.h(26,37): warning C4305: '=': truncamento de 'double' para 'float'
C:\Multiplayer SFML\Game\Rinha\serverMain.h(59,40): warning C4305: '=': truncamento de 'double' para 'float'
C:\Multiplayer SFML\Game\Rinha\serverMain.h(257,66): warning C4244: 'argumento': conversão de 'int' para 'float', possível perda de dados
C:\Multiplayer SFML\Game\Rinha\serverMain.h(274,52): warning C4244: 'argumento': conversão de 'int' para 'float', possível perda de dados
C:\Multiplayer SFML\Game\Rinha\serverMain.h(355,78): warning C4267: 'inicializando': conversão de 'size_t' para 'int', possível perda de dados
C:\Multiplayer SFML\Game\Rinha\clientMain.h(218,29): warning C4099: 'RoomInfo': nome de tipo visto primeiro usando 'class', agora visto usando 'struct'
C:\Multiplayer SFML\Game\Rinha\gameHelper.h(161,7): message : consulte a declaração de 'RoomInfo'
C:\Multiplayer SFML\Game\Rinha\clientMain.h(421,22): warning C4305: '+=': truncamento de 'double' para 'float'
C:\Multiplayer SFML\Game\Rinha\clientMain.h(428,22): warning C4244: 'inicializando': conversão de 'T' para 'float', possível perda de dados
          with
          [
              T=int
          ]
C:\Multiplayer SFML\Game\Rinha\clientMain.h(429,22): warning C4244: 'inicializando': conversão de 'T' para 'float', possível perda de dados
          with
          [
              T=int
          ]
C:\Multiplayer SFML\Game\Rinha\clientMain.h(570,24): warning C4244: 'inicializando': conversão de 'float' para 'int', possível perda de dados
C:\Multiplayer SFML\Game\Rinha\clientMain.h(571,24): warning C4244: 'inicializando': conversão de 'float' para 'int', possível perda de dados
C:\Multiplayer SFML\Game\Rinha\clientMain.h(593,120): warning C4305: 'argumento': truncamento de 'double' para 'float'
C:\Multiplayer SFML\Game\Rinha\clientMain.h(616,62): warning C4244: 'argumento': conversão de 'int' para 'float', possível perda de dados
C:\Multiplayer SFML\Game\Rinha\clientMain.h(616,54): warning C4244: 'argumento': conversão de 'int' para 'float', possível perda de dados
  main2.cpp
  Gerando Código...
sfml-graphics-s.lib(Sprite.cpp.obj) : error LNK2038: não correspondência detectada para '_ITERATOR_DEBUG_LEVEL': valor '0' não corresponde ao valor '2' no Main.obj
sfml-graphics-s.lib(Sprite.cpp.obj) : error LNK2038: não correspondência detectada para 'RuntimeLibrary': valor 'MD_DynamicRelease' não corresponde ao valor 'MDd_DynamicDebug' no Main.obj
sfml-graphics-s.lib(Transform.cpp.obj) : error LNK2038: não correspondência detectada para '_ITERATOR_DEBUG_LEVEL': valor '0' não corresponde ao valor '2' no Main.obj
sfml-graphics-s.lib(Transform.cpp.obj) : error LNK2038: não correspondência detectada para 'RuntimeLibrary': valor 'MD_DynamicRelease' não corresponde ao valor 'MDd_DynamicDebug' no Main.obj
sfml-graphics-s.lib(Transformable.cpp.obj) : error LNK2038: não correspondência detectada para '_ITERATOR_DEBUG_LEVEL': valor '0' não corresponde ao valor '2' no Main.obj
sfml-graphics-s.lib(Transformable.cpp.obj) : error LNK2038: não correspondência detectada para 'RuntimeLibrary': valor 'MD_DynamicRelease' não corresponde ao valor 'MDd_DynamicDebug' no Main.obj
sfml-graphics-s.lib(Texture.cpp.obj) : error LNK2038: não correspondência detectada para '_ITERATOR_DEBUG_LEVEL': valor '0' não corresponde ao valor '2' no Main.obj
sfml-graphics-s.lib(Texture.cpp.obj) : error LNK2038: não correspondência detectada para 'RuntimeLibrary': valor 'MD_DynamicRelease' não corresponde ao valor 'MDd_DynamicDebug' no Main.obj
sfml-graphics-s.lib(RenderTarget.cpp.obj) : error LNK2038: não correspondência detectada para '_ITERATOR_DEBUG_LEVEL': valor '0' não corresponde ao valor '2' no Main.obj
sfml-graphics-s.lib(RenderTarget.cpp.obj) : error LNK2038: não correspondência detectada para 'RuntimeLibrary': valor 'MD_DynamicRelease' não corresponde ao valor 'MDd_DynamicDebug' no Main.obj
sfml-graphics-s.lib(Color.cpp.obj) : error LNK2038: não correspondência detectada para '_ITERATOR_DEBUG_LEVEL': valor '0' não corresponde ao valor '2' no Main.obj
sfml-graphics-s.lib(Color.cpp.obj) : error LNK2038: não correspondência detectada para 'RuntimeLibrary': valor 'MD_DynamicRelease' não corresponde ao valor 'MDd_DynamicDebug' no Main.obj
sfml-graphics-s.lib(Image.cpp.obj) : error LNK2038: não correspondência detectada para '_ITERATOR_DEBUG_LEVEL': valor '0' não corresponde ao valor '2' no Main.obj
sfml-graphics-s.lib(Image.cpp.obj) : error LNK2038: não correspondência detectada para 'RuntimeLibrary': valor 'MD_DynamicRelease' não corresponde ao valor 'MDd_DynamicDebug' no Main.obj
sfml-graphics-s.lib(GLExtensions.cpp.obj) : error LNK2038: não correspondência detectada para '_ITERATOR_DEBUG_LEVEL': valor '0' não corresponde ao valor '2' no Main.obj
sfml-graphics-s.lib(GLExtensions.cpp.obj) : error LNK2038: não correspondência detectada para 'RuntimeLibrary': valor 'MD_DynamicRelease' não corresponde ao valor 'MDd_DynamicDebug' no Main.obj
sfml-graphics-s.lib(View.cpp.obj) : error LNK2038: não correspondência detectada para '_ITERATOR_DEBUG_LEVEL': valor '0' não corresponde ao valor '2' no Main.obj
sfml-graphics-s.lib(View.cpp.obj) : error LNK2038: não correspondência detectada para 'RuntimeLibrary': valor 'MD_DynamicRelease' não corresponde ao valor 'MDd_DynamicDebug' no Main.obj
sfml-graphics-s.lib(Shader.cpp.obj) : error LNK2038: não correspondência detectada para '_ITERATOR_DEBUG_LEVEL': valor '0' não corresponde ao valor '2' no Main.obj
sfml-graphics-s.lib(Shader.cpp.obj) : error LNK2038: não correspondência detectada para 'RuntimeLibrary': valor 'MD_DynamicRelease' não corresponde ao valor 'MDd_DynamicDebug' no Main.obj
sfml-graphics-s.lib(VertexBuffer.cpp.obj) : error LNK2038: não correspondência detectada para '_ITERATOR_DEBUG_LEVEL': valor '0' não corresponde ao valor '2' no Main.obj
sfml-graphics-s.lib(VertexBuffer.cpp.obj) : error LNK2038: não correspondência detectada para 'RuntimeLibrary': valor 'MD_DynamicRelease' não corresponde ao valor 'MDd_DynamicDebug' no Main.obj
sfml-graphics-s.lib(ImageLoader.cpp.obj) : error LNK2038: não correspondência detectada para '_ITERATOR_DEBUG_LEVEL': valor '0' não corresponde ao valor '2' no Main.obj
sfml-graphics-s.lib(ImageLoader.cpp.obj) : error LNK2038: não correspondência detectada para 'RuntimeLibrary': valor 'MD_DynamicRelease' não corresponde ao valor 'MDd_DynamicDebug' no Main.obj
sfml-graphics-s.lib(Glsl.cpp.obj) : error LNK2038: não correspondência detectada para '_ITERATOR_DEBUG_LEVEL': valor '0' não corresponde ao valor '2' no Main.obj
sfml-graphics-s.lib(Glsl.cpp.obj) : error LNK2038: não correspondência detectada para 'RuntimeLibrary': valor 'MD_DynamicRelease' não corresponde ao valor 'MDd_DynamicDebug' no Main.obj
sfml-window-s.lib(Window.cpp.obj) : error LNK2038: não correspondência detectada para '_ITERATOR_DEBUG_LEVEL': valor '0' não corresponde ao valor '2' no Main.obj
sfml-window-s.lib(Window.cpp.obj) : error LNK2038: não correspondência detectada para 'RuntimeLibrary': valor 'MD_DynamicRelease' não corresponde ao valor 'MDd_DynamicDebug' no Main.obj
sfml-window-s.lib(GlContext.cpp.obj) : error LNK2038: não correspondência detectada para '_ITERATOR_DEBUG_LEVEL': valor '0' não corresponde ao valor '2' no Main.obj
sfml-window-s.lib(GlContext.cpp.obj) : error LNK2038: não correspondência detectada para 'RuntimeLibrary': valor 'MD_DynamicRelease' não corresponde ao valor 'MDd_DynamicDebug' no Main.obj
sfml-window-s.lib(VideoMode.cpp.obj) : error LNK2038: não correspondência detectada para '_ITERATOR_DEBUG_LEVEL': valor '0' não corresponde ao valor '2' no Main.obj
sfml-window-s.lib(VideoMode.cpp.obj) : error LNK2038: não correspondência detectada para 'RuntimeLibrary': valor 'MD_DynamicRelease' não corresponde ao valor 'MDd_DynamicDebug' no Main.obj
sfml-window-s.lib(WindowImpl.cpp.obj) : error LNK2038: não correspondência detectada para '_ITERATOR_DEBUG_LEVEL': valor '0' não corresponde ao valor '2' no Main.obj
sfml-window-s.lib(WindowImpl.cpp.obj) : error LNK2038: não correspondência detectada para 'RuntimeLibrary': valor 'MD_DynamicRelease' não corresponde ao valor 'MDd_DynamicDebug' no Main.obj
sfml-window-s.lib(WglContext.cpp.obj) : error LNK2038: não correspondência detectada para '_ITERATOR_DEBUG_LEVEL': valor '0' não corresponde ao valor '2' no Main.obj
sfml-window-s.lib(WglContext.cpp.obj) : error LNK2038: não correspondência detectada para 'RuntimeLibrary': valor 'MD_DynamicRelease' não corresponde ao valor 'MDd_DynamicDebug' no Main.obj
sfml-window-s.lib(CursorImpl.cpp.obj) : error LNK2038: não correspondência detectada para '_ITERATOR_DEBUG_LEVEL': valor '0' não corresponde ao valor '2' no Main.obj
sfml-window-s.lib(CursorImpl.cpp.obj) : error LNK2038: não correspondência detectada para 'RuntimeLibrary': valor 'MD_DynamicRelease' não corresponde ao valor 'MDd_DynamicDebug' no Main.obj
sfml-window-s.lib(VideoModeImpl.cpp.obj) : error LNK2038: não correspondência detectada para '_ITERATOR_DEBUG_LEVEL': valor '0' não corresponde ao valor '2' no Main.obj
sfml-window-s.lib(VideoModeImpl.cpp.obj) : error LNK2038: não correspondência detectada para 'RuntimeLibrary': valor 'MD_DynamicRelease' não corresponde ao valor 'MDd_DynamicDebug' no Main.obj
sfml-window-s.lib(JoystickManager.cpp.obj) : error LNK2038: não correspondência detectada para '_ITERATOR_DEBUG_LEVEL': valor '0' não corresponde ao valor '2' no Main.obj
sfml-window-s.lib(JoystickManager.cpp.obj) : error LNK2038: não correspondência detectada para 'RuntimeLibrary': valor 'MD_DynamicRelease' não corresponde ao valor 'MDd_DynamicDebug' no Main.obj
sfml-window-s.lib(SensorManager.cpp.obj) : error LNK2038: não correspondência detectada para '_ITERATOR_DEBUG_LEVEL': valor '0' não corresponde ao valor '2' no Main.obj
sfml-window-s.lib(SensorManager.cpp.obj) : error LNK2038: não correspondência detectada para 'RuntimeLibrary': valor 'MD_DynamicRelease' não corresponde ao valor 'MDd_DynamicDebug' no Main.obj
sfml-window-s.lib(WindowImplWin32.cpp.obj) : error LNK2038: não correspondência detectada para '_ITERATOR_DEBUG_LEVEL': valor '0' não corresponde ao valor '2' no Main.obj
sfml-window-s.lib(WindowImplWin32.cpp.obj) : error LNK2038: não correspondência detectada para 'RuntimeLibrary': valor 'MD_DynamicRelease' não corresponde ao valor 'MDd_DynamicDebug' no Main.obj
sfml-window-s.lib(WglExtensions.cpp.obj) : error LNK2038: não correspondência detectada para '_ITERATOR_DEBUG_LEVEL': valor '0' não corresponde ao valor '2' no Main.obj
sfml-window-s.lib(WglExtensions.cpp.obj) : error LNK2038: não correspondência detectada para 'RuntimeLibrary': valor 'MD_DynamicRelease' não corresponde ao valor 'MDd_DynamicDebug' no Main.obj
sfml-window-s.lib(Joystick.cpp.obj) : error LNK2038: não correspondência detectada para '_ITERATOR_DEBUG_LEVEL': valor '0' não corresponde ao valor '2' no Main.obj
sfml-window-s.lib(Joystick.cpp.obj) : error LNK2038: não correspondência detectada para 'RuntimeLibrary': valor 'MD_DynamicRelease' não corresponde ao valor 'MDd_DynamicDebug' no Main.obj
sfml-window-s.lib(JoystickImpl.cpp.obj) : error LNK2038: não correspondência detectada para '_ITERATOR_DEBUG_LEVEL': valor '0' não corresponde ao valor '2' no Main.obj
sfml-window-s.lib(JoystickImpl.cpp.obj) : error LNK2038: não correspondência detectada para 'RuntimeLibrary': valor 'MD_DynamicRelease' não corresponde ao valor 'MDd_DynamicDebug' no Main.obj
sfml-system-s.lib(Err.cpp.obj) : error LNK2038: não correspondência detectada para '_ITERATOR_DEBUG_LEVEL': valor '0' não corresponde ao valor '2' no Main.obj
sfml-system-s.lib(Err.cpp.obj) : error LNK2038: não correspondência detectada para 'RuntimeLibrary': valor 'MD_DynamicRelease' não corresponde ao valor 'MDd_DynamicDebug' no Main.obj
sfml-system-s.lib(String.cpp.obj) : error LNK2038: não correspondência detectada para '_ITERATOR_DEBUG_LEVEL': valor '0' não corresponde ao valor '2' no Main.obj
sfml-system-s.lib(String.cpp.obj) : error LNK2038: não correspondência detectada para 'RuntimeLibrary': valor 'MD_DynamicRelease' não corresponde ao valor 'MDd_DynamicDebug' no Main.obj
LINK : warning LNK4098: defaultlib 'MSVCRT' conflita com uso de outras bibliotecas; use /NODEFAULTLIB:library
LINK : warning LNK4217: o símbolo '?asMilliseconds@Time@sf@@QEBAHXZ (public: int __cdecl sf::Time::asMilliseconds(void)const )' definido em 'sfml-system-s.lib(Time.cpp.obj)' é importado por 'Main.obj' na função '"void __cdecl serverMain(void)" (?serverMain@@YAXXZ)'
LINK : warning LNK4217: o símbolo '?milliseconds@sf@@YA?AVTime@1@H@Z (class sf::Time __cdecl sf::milliseconds(int))' definido em 'sfml-system-s.lib(Time.cpp.obj)' é importado por 'Main.obj' na função '"void __cdecl serverMain(void)" (?serverMain@@YAXXZ)'
LINK : warning LNK4217: o símbolo '??Ysf@@YAAEAVTime@0@AEAV10@V10@@Z (class sf::Time & __cdecl sf::operator+=(class sf::Time &,class sf::Time))' definido em 'sfml-system-s.lib(Time.cpp.obj)' é importado por 'Main.obj' na função '"void __cdecl serverMain(void)" (?serverMain@@YAXXZ)'
LINK : warning LNK4217: o símbolo '??Zsf@@YAAEAVTime@0@AEAV10@V10@@Z (class sf::Time & __cdecl sf::operator-=(class sf::Time &,class sf::Time))' definido em 'sfml-system-s.lib(Time.cpp.obj)' é importado por 'Main.obj' na função '"void __cdecl serverMain(void)" (?serverMain@@YAXXZ)'
LINK : warning LNK4217: o símbolo '??0Clock@sf@@QEAA@XZ (public: __cdecl sf::Clock::Clock(void))' definido em 'sfml-system-s.lib(Clock.cpp.obj)' é importado por 'Main.obj' na função '"void __cdecl serverMain(void)" (?serverMain@@YAXXZ)'
LINK : warning LNK4217: o símbolo '?getElapsedTime@Clock@sf@@QEBA?AVTime@2@XZ (public: class sf::Time __cdecl sf::Clock::getElapsedTime(void)const )' definido em 'sfml-system-s.lib(Clock.cpp.obj)' é importado por 'Main.obj' na função '"void __cdecl serverMain(void)" (?serverMain@@YAXXZ)'
LINK : warning LNK4217: o símbolo '?restart@Clock@sf@@QEAA?AVTime@2@XZ (public: class sf::Time __cdecl sf::Clock::restart(void))' definido em 'sfml-system-s.lib(Clock.cpp.obj)' é importado por 'Main.obj' na função '"void __cdecl serverMain(void)" (?serverMain@@YAXXZ)'
LINK : warning LNK4217: o símbolo '??0String@sf@@QEAA@PEBDAEBVlocale@std@@@Z (public: __cdecl sf::String::String(char const *,class std::locale const &))' definido em 'sfml-system-s.lib(String.cpp.obj)' é importado por 'Main.obj' na função '"void __cdecl clientMain(void)" (?clientMain@@YAXXZ)'
LINK : warning LNK4217: o símbolo '??0String@sf@@QEAA@AEBV?$basic_string@DU?$char_traits@D@std@@V?$allocator@D@2@@std@@AEBVlocale@3@@Z (public: __cdecl sf::String::String(class std::basic_string<char,struct std::char_traits<char>,class std::allocator<char> > const &,class std::locale const &))' definido em 'sfml-system-s.lib(String.cpp.obj)' é importado por 'Main.obj' na função '"public: void __cdecl TextBox::addText(char)" (?addText@TextBox@@QEAAXD@Z)'
LINK : warning LNK4217: o símbolo '??1String@sf@@QEAA@XZ (public: __cdecl sf::String::~String(void))' definido em 'sfml-window-s.lib(WglContext.cpp.obj)' é importado por 'Main.obj' na função '"public: void __cdecl TextBox::addText(char)" (?addText@TextBox@@QEAAXD@Z)'
LINK : warning LNK4217: o símbolo '??0VideoMode@sf@@QEAA@III@Z (public: __cdecl sf::VideoMode::VideoMode(unsigned int,unsigned int,unsigned int))' definido em 'sfml-window-s.lib(VideoMode.cpp.obj)' é importado por 'Main.obj' na função '"void __cdecl clientMain(void)" (?clientMain@@YAXXZ)'
LINK : warning LNK4217: o símbolo '?close@Window@sf@@QEAAXXZ (public: void __cdecl sf::Window::close(void))' definido em 'sfml-window-s.lib(Window.cpp.obj)' é importado por 'Main.obj' na função '"void __cdecl clientMain(void)" (?clientMain@@YAXXZ)'
LINK : warning LNK4217: o símbolo '?isOpen@Window@sf@@QEBA_NXZ (public: bool __cdecl sf::Window::isOpen(void)const )' definido em 'sfml-window-s.lib(Window.cpp.obj)' é importado por 'Main.obj' na função '"void __cdecl clientMain(void)" (?clientMain@@YAXXZ)'
LINK : warning LNK4217: o símbolo '?pollEvent@Window@sf@@QEAA_NAEAVEvent@2@@Z (public: bool __cdecl sf::Window::pollEvent(class sf::Event &))' definido em 'sfml-window-s.lib(Window.cpp.obj)' é importado por 'Main.obj' na função '"void __cdecl clientMain(void)" (?clientMain@@YAXXZ)'
LINK : warning LNK4217: o símbolo '?display@Window@sf@@QEAAXXZ (public: void __cdecl sf::Window::display(void))' definido em 'sfml-window-s.lib(Window.cpp.obj)' é importado por 'Main.obj' na função '"void __cdecl clientMain(void)" (?clientMain@@YAXXZ)'
LINK : warning LNK4217: o símbolo '?setPosition@Transformable@sf@@QEAAXMM@Z (public: void __cdecl sf::Transformable::setPosition(float,float))' definido em 'sfml-graphics-s.lib(Transformable.cpp.obj)' é importado por 'Main.obj' na função '"void __cdecl clientMain(void)" (?clientMain@@YAXXZ)'
LINK : warning LNK4217: o símbolo '?setRotation@Transformable@sf@@QEAAXM@Z (public: void __cdecl sf::Transformable::setRotation(float))' definido em 'sfml-graphics-s.lib(Transformable.cpp.obj)' é importado por 'Main.obj' na função '"void __cdecl drawSprite(class sf::RenderWindow &,class ResourceHandler &,int,float,float,float,float,int,float)" (?drawSprite@@YAXAEAVRenderWindow@sf@@AEAVResourceHandler@@HMMMMHM@Z)'
LINK : warning LNK4217: o símbolo '?setScale@Transformable@sf@@QEAAXMM@Z (public: void __cdecl sf::Transformable::setScale(float,float))' definido em 'sfml-graphics-s.lib(Transformable.cpp.obj)' é importado por 'Main.obj' na função '"void __cdecl clientMain(void)" (?clientMain@@YAXXZ)'
LINK : warning LNK4217: o símbolo '?setOrigin@Transformable@sf@@QEAAXMM@Z (public: void __cdecl sf::Transformable::setOrigin(float,float))' definido em 'sfml-graphics-s.lib(Transformable.cpp.obj)' é importado por 'Main.obj' na função '"void __cdecl drawSprite(class sf::RenderWindow &,class ResourceHandler &,int,float,float,float,float,int,float)" (?drawSprite@@YAXAEAVRenderWindow@sf@@AEAVResourceHandler@@HMMMMHM@Z)'
LINK : warning LNK4217: o símbolo '?setOrigin@Transformable@sf@@QEAAXAEBV?$Vector2@M@2@@Z (public: void __cdecl sf::Transformable::setOrigin(class sf::Vector2<float> const &))' definido em 'sfml-graphics-s.lib(Transformable.cpp.obj)' é importado por 'Main.obj' na função '"void __cdecl clientMain(void)" (?clientMain@@YAXXZ)'
LINK : warning LNK4217: o símbolo '??0Color@sf@@QEAA@XZ (public: __cdecl sf::Color::Color(void))' definido em 'sfml-graphics-s.lib(Color.cpp.obj)' é importado por 'Main.obj' na função '"public: __cdecl GameObject::GameObject(int,float,float,int)" (??0GameObject@@QEAA@HMMH@Z)'
LINK : warning LNK4217: o símbolo '??0Color@sf@@QEAA@EEEE@Z (public: __cdecl sf::Color::Color(unsigned char,unsigned char,unsigned char,unsigned char))' definido em 'sfml-graphics-s.lib(Color.cpp.obj)' é importado por 'Main.obj' na função '"void __cdecl clientMain(void)" (?clientMain@@YAXXZ)'
LINK : warning LNK4217: o símbolo '??0Texture@sf@@QEAA@XZ (public: __cdecl sf::Texture::Texture(void))' definido em 'sfml-graphics-s.lib(Texture.cpp.obj)' é importado por 'Main.obj' na função '"void __cdecl clientMain(void)" (?clientMain@@YAXXZ)'
LINK : warning LNK4217: o símbolo '??1Texture@sf@@QEAA@XZ (public: __cdecl sf::Texture::~Texture(void))' definido em 'sfml-graphics-s.lib(Texture.cpp.obj)' é importado por 'Main.obj' na função '"void __cdecl clientMain(void)" (?clientMain@@YAXXZ)'
LINK : warning LNK4217: o símbolo '?loadFromFile@Texture@sf@@QEAA_NAEBV?$basic_string@DU?$char_traits@D@std@@V?$allocator@D@2@@std@@AEBV?$Rect@H@2@@Z (public: bool __cdecl sf::Texture::loadFromFile(class std::basic_string<char,struct std::char_traits<char>,class std::allocator<char> > const &,class sf::Rect<int> const &))' definido em 'sfml-graphics-s.lib(Texture.cpp.obj)' é importado por 'Main.obj' na função '"void __cdecl clientMain(void)" (?clientMain@@YAXXZ)'
LINK : warning LNK4217: o símbolo '?clear@RenderTarget@sf@@QEAAXAEBVColor@2@@Z (public: void __cdecl sf::RenderTarget::clear(class sf::Color const &))' definido em 'sfml-graphics-s.lib(RenderTarget.cpp.obj)' é importado por 'Main.obj' na função '"void __cdecl clientMain(void)" (?clientMain@@YAXXZ)'
LINK : warning LNK4217: o símbolo '?draw@RenderTarget@sf@@QEAAXAEBVDrawable@2@AEBVRenderStates@2@@Z (public: void __cdecl sf::RenderTarget::draw(class sf::Drawable const &,class sf::RenderStates const &))' definido em 'sfml-graphics-s.lib(RenderTarget.cpp.obj)' é importado por 'Main.obj' na função '"void __cdecl clientMain(void)" (?clientMain@@YAXXZ)'
LINK : warning LNK4217: o símbolo '??0Sprite@sf@@QEAA@XZ (public: __cdecl sf::Sprite::Sprite(void))' definido em 'sfml-graphics-s.lib(Sprite.cpp.obj)' é importado por 'Main.obj' na função '"void __cdecl clientMain(void)" (?clientMain@@YAXXZ)'
LINK : warning LNK4217: o símbolo '?setTexture@Sprite@sf@@QEAAXAEBVTexture@2@_N@Z (public: void __cdecl sf::Sprite::setTexture(class sf::Texture const &,bool))' definido em 'sfml-graphics-s.lib(Sprite.cpp.obj)' é importado por 'Main.obj' na função '"void __cdecl clientMain(void)" (?clientMain@@YAXXZ)'
LINK : warning LNK4217: o símbolo '?setTextureRect@Sprite@sf@@QEAAXAEBV?$Rect@H@2@@Z (public: void __cdecl sf::Sprite::setTextureRect(class sf::Rect<int> const &))' definido em 'sfml-graphics-s.lib(Sprite.cpp.obj)' é importado por 'Main.obj' na função '"void __cdecl clientMain(void)" (?clientMain@@YAXXZ)'
LINK : warning LNK4217: o símbolo '?setColor@Sprite@sf@@QEAAXAEBVColor@2@@Z (public: void __cdecl sf::Sprite::setColor(class sf::Color const &))' definido em 'sfml-graphics-s.lib(Sprite.cpp.obj)' é importado por 'Main.obj' na função '"public: void __cdecl GameObject::draw(class sf::RenderWindow &,class ResourceHandler &,class RoomInfo &,class View &)" (?draw@GameObject@@QEAAXAEAVRenderWindow@sf@@AEAVResourceHandler@@AEAVRoomInfo@@AEAVView@@@Z)'
LINK : warning LNK4217: o símbolo '?getLocalBounds@Sprite@sf@@QEBA?AV?$Rect@M@2@XZ (public: class sf::Rect<float> __cdecl sf::Sprite::getLocalBounds(void)const )' definido em 'sfml-graphics-s.lib(Sprite.cpp.obj)' é importado por 'Main.obj' na função '"void __cdecl clientMain(void)" (?clientMain@@YAXXZ)'
LINK : warning LNK4217: o símbolo '??1Sprite@sf@@UEAA@XZ (public: virtual __cdecl sf::Sprite::~Sprite(void))' definido em 'sfml-graphics-s.lib(Sprite.cpp.obj)' é importado por 'Main.obj' na função '"public: virtual void * __cdecl sf::Sprite::`scalar deleting destructor'(unsigned int)" (??_GSprite@sf@@UEAAPEAXI@Z)'
LINK : warning LNK4217: o símbolo '?Zero@Time@sf@@2V12@B (public: static class sf::Time const sf::Time::Zero)' definido em 'sfml-system-s.lib(Time.cpp.obj)' é importado por 'Main.obj' na função '"void __cdecl clientMain(void)" (?clientMain@@YAXXZ)'
LINK : warning LNK4286: o símbolo '?Zero@Time@sf@@2V12@B (public: static class sf::Time const sf::Time::Zero)' definido em 'sfml-system-s.lib(Time.cpp.obj)' é importado por 'main2.obj'
LINK : warning LNK4217: o símbolo '?Black@Color@sf@@2V12@B (public: static class sf::Color const sf::Color::Black)' definido em 'sfml-graphics-s.lib(Color.cpp.obj)' é importado por 'Main.obj' na função '"void __cdecl clientMain(void)" (?clientMain@@YAXXZ)'
LINK : warning LNK4217: o símbolo '?White@Color@sf@@2V12@B (public: static class sf::Color const sf::Color::White)' definido em 'sfml-graphics-s.lib(Color.cpp.obj)' é importado por 'Main.obj' na função '"void __cdecl clientMain(void)" (?clientMain@@YAXXZ)'
LINK : warning LNK4217: o símbolo '?Blue@Color@sf@@2V12@B (public: static class sf::Color const sf::Color::Blue)' definido em 'sfml-graphics-s.lib(Color.cpp.obj)' é importado por 'Main.obj' na função '"public: __cdecl GameObject::GameObject(int,float,float,int)" (??0GameObject@@QEAA@HMMH@Z)'
LINK : warning LNK4217: o símbolo '?Yellow@Color@sf@@2V12@B (public: static class sf::Color const sf::Color::Yellow)' definido em 'sfml-graphics-s.lib(Color.cpp.obj)' é importado por 'Main.obj' na função '"public: void __cdecl TextBox::draw(class sf::RenderWindow &,class ResourceHandler &)" (?draw@TextBox@@QEAAXAEAVRenderWindow@sf@@AEAVResourceHandler@@@Z)'
Main.obj : error LNK2019: símbolo externo não resolvido, "__declspec(dllimport) public: static bool __cdecl sf::Keyboard::isKeyPressed(enum sf::Keyboard::Key)" (__imp_?isKeyPressed@Keyboard@sf@@SA_NW4Key@12@@Z), referenciado na função "void __cdecl clientMain(void)" (?clientMain@@YAXXZ)
Main.obj : error LNK2019: símbolo externo não resolvido, "__declspec(dllimport) public: static class sf::Vector2<int> __cdecl sf::Mouse::getPosition(class sf::Window const &)" (__imp_?getPosition@Mouse@sf@@SA?AV?$Vector2@H@2@AEBVWindow@2@@Z), referenciado na função "void __cdecl clientMain(void)" (?clientMain@@YAXXZ)
Main.obj : error LNK2019: símbolo externo não resolvido, "__declspec(dllimport) public: void __cdecl sf::Shape::setFillColor(class sf::Color const &)" (__imp_?setFillColor@Shape@sf@@QEAAXAEBVColor@2@@Z), referenciado na função "public: void __cdecl GameObject::draw(class sf::RenderWindow &,class ResourceHandler &,class RoomInfo &,class View &)" (?draw@GameObject@@QEAAXAEAVRenderWindow@sf@@AEAVResourceHandler@@AEAVRoomInfo@@AEAVView@@@Z)
Main.obj : error LNK2019: símbolo externo não resolvido, "__declspec(dllimport) public: void __cdecl sf::Shape::setOutlineColor(class sf::Color const &)" (__imp_?setOutlineColor@Shape@sf@@QEAAXAEBVColor@2@@Z), referenciado na função "public: void __cdecl Button::drawBox(class sf::RenderWindow &)" (?drawBox@Button@@QEAAXAEAVRenderWindow@sf@@@Z)
Main.obj : error LNK2019: símbolo externo não resolvido, "__declspec(dllimport) public: void __cdecl sf::Shape::setOutlineThickness(float)" (__imp_?setOutlineThickness@Shape@sf@@QEAAXM@Z), referenciado na função "public: void __cdecl Button::drawBox(class sf::RenderWindow &)" (?drawBox@Button@@QEAAXAEAVRenderWindow@sf@@@Z)
Main.obj : error LNK2019: símbolo externo não resolvido, "__declspec(dllimport) public: __cdecl sf::CircleShape::CircleShape(float,unsigned __int64)" (__imp_??0CircleShape@sf@@QEAA@M_K@Z), referenciado na função "public: void __cdecl GameObject::draw(class sf::RenderWindow &,class ResourceHandler &,class RoomInfo &,class View &)" (?draw@GameObject@@QEAAXAEAVRenderWindow@sf@@AEAVResourceHandler@@AEAVRoomInfo@@AEAVView@@@Z)
Main.obj : error LNK2019: símbolo externo não resolvido, "__declspec(dllimport) public: virtual __cdecl sf::CircleShape::~CircleShape(void)" (__imp_??1CircleShape@sf@@UEAA@XZ), referenciado na função "public: void __cdecl GameObject::draw(class sf::RenderWindow &,class ResourceHandler &,class RoomInfo &,class View &)" (?draw@GameObject@@QEAAXAEAVRenderWindow@sf@@AEAVResourceHandler@@AEAVRoomInfo@@AEAVView@@@Z)
Main.obj : error LNK2019: símbolo externo não resolvido, "__declspec(dllimport) public: __cdecl sf::Font::Font(void)" (__imp_??0Font@sf@@QEAA@XZ), referenciado na função "void __cdecl clientMain(void)" (?clientMain@@YAXXZ)
Main.obj : error LNK2019: símbolo externo não resolvido, "__declspec(dllimport) public: __cdecl sf::Font::~Font(void)" (__imp_??1Font@sf@@QEAA@XZ), referenciado na função "void __cdecl clientMain(void)" (?clientMain@@YAXXZ)
Main.obj : error LNK2019: símbolo externo não resolvido, "__declspec(dllimport) public: bool __cdecl sf::Font::loadFromFile(class std::basic_string<char,struct std::char_traits<char>,class std::allocator<char> > const &)" (__imp_?loadFromFile@Font@sf@@QEAA_NAEBV?$basic_string@DU?$char_traits@D@std@@V?$allocator@D@2@@std@@@Z), referenciado na função "void __cdecl clientMain(void)" (?clientMain@@YAXXZ)
    Dica em símbolos que estão definidos e podem corresponder potencialmente a:
      "__declspec(dllimport) public: bool __cdecl sf::Texture::loadFromFile(class std::basic_string<char,struct std::char_traits<char>,class std::allocator<char> > const &,class sf::Rect<int> const &)" (__imp_?loadFromFile@Texture@sf@@QEAA_NAEBV?$basic_string@DU?$char_traits@D@std@@V?$allocator@D@2@@std@@AEBV?$Rect@H@2@@Z)
Main.obj : error LNK2019: símbolo externo não resolvido, "__declspec(dllimport) public: __cdecl sf::RectangleShape::RectangleShape(class sf::Vector2<float> const &)" (__imp_??0RectangleShape@sf@@QEAA@AEBV?$Vector2@M@1@@Z), referenciado na função "public: void __cdecl TextBox::draw(class sf::RenderWindow &,class ResourceHandler &)" (?draw@TextBox@@QEAAXAEAVRenderWindow@sf@@AEAVResourceHandler@@@Z)
Main.obj : error LNK2019: símbolo externo não resolvido, "__declspec(dllimport) public: virtual __cdecl sf::RectangleShape::~RectangleShape(void)" (__imp_??1RectangleShape@sf@@UEAA@XZ), referenciado na função "public: void __cdecl TextBox::draw(class sf::RenderWindow &,class ResourceHandler &)" (?draw@TextBox@@QEAAXAEAVRenderWindow@sf@@AEAVResourceHandler@@@Z)
Main.obj : error LNK2019: símbolo externo não resolvido, "__declspec(dllimport) public: __cdecl sf::RenderWindow::RenderWindow(class sf::VideoMode,class sf::String const &,unsigned int,struct sf::ContextSettings const &)" (__imp_??0RenderWindow@sf@@QEAA@VVideoMode@1@AEBVString@1@IAEBUContextSettings@1@@Z), referenciado na função "void __cdecl clientMain(void)" (?clientMain@@YAXXZ)
Main.obj : error LNK2019: símbolo externo não resolvido, "__declspec(dllimport) public: virtual __cdecl sf::RenderWindow::~RenderWindow(void)" (__imp_??1RenderWindow@sf@@UEAA@XZ), referenciado na função "void __cdecl clientMain(void)" (?clientMain@@YAXXZ)
Main.obj : error LNK2019: símbolo externo não resolvido, "__declspec(dllimport) public: __cdecl sf::Text::Text(void)" (__imp_??0Text@sf@@QEAA@XZ), referenciado na função "public: __cdecl TextBox::TextBox(float,float,float,float)" (??0TextBox@@QEAA@MMMM@Z)
Main.obj : error LNK2019: símbolo externo não resolvido, "__declspec(dllimport) public: void __cdecl sf::Text::setString(class sf::String const &)" (__imp_?setString@Text@sf@@QEAAXAEBVString@2@@Z), referenciado na função "public: void __cdecl TextBox::addText(char)" (?addText@TextBox@@QEAAXD@Z)
Main.obj : error LNK2019: símbolo externo não resolvido, "__declspec(dllimport) public: void __cdecl sf::Text::setFont(class sf::Font const &)" (__imp_?setFont@Text@sf@@QEAAXAEBVFont@2@@Z), referenciado na função "void __cdecl clientMain(void)" (?clientMain@@YAXXZ)
Main.obj : error LNK2019: símbolo externo não resolvido, "__declspec(dllimport) public: void __cdecl sf::Text::setCharacterSize(unsigned int)" (__imp_?setCharacterSize@Text@sf@@QEAAXI@Z), referenciado na função "void __cdecl clientMain(void)" (?clientMain@@YAXXZ)
Main.obj : error LNK2019: símbolo externo não resolvido, "__declspec(dllimport) public: void __cdecl sf::Text::setFillColor(class sf::Color const &)" (__imp_?setFillColor@Text@sf@@QEAAXAEBVColor@2@@Z), referenciado na função "void __cdecl clientMain(void)" (?clientMain@@YAXXZ)
Main.obj : error LNK2019: símbolo externo não resolvido, "__declspec(dllimport) public: void __cdecl sf::Text::setOutlineColor(class sf::Color const &)" (__imp_?setOutlineColor@Text@sf@@QEAAXAEBVColor@2@@Z), referenciado na função "void __cdecl clientMain(void)" (?clientMain@@YAXXZ)
Main.obj : error LNK2019: símbolo externo não resolvido, "__declspec(dllimport) public: void __cdecl sf::Text::setOutlineThickness(float)" (__imp_?setOutlineThickness@Text@sf@@QEAAXM@Z), referenciado na função "void __cdecl clientMain(void)" (?clientMain@@YAXXZ)
Main.obj : error LNK2019: símbolo externo não resolvido, "__declspec(dllimport) public: class sf::Rect<float> __cdecl sf::Text::getGlobalBounds(void)const " (__imp_?getGlobalBounds@Text@sf@@QEBA?AV?$Rect@M@2@XZ), referenciado na função "void __cdecl clientMain(void)" (?clientMain@@YAXXZ)
Main.obj : error LNK2019: símbolo externo não resolvido, "__declspec(dllimport) public: virtual __cdecl sf::Text::~Text(void)" (__imp_??1Text@sf@@UEAA@XZ), referenciado na função "public: __cdecl TextBox::TextBox(float,float,float,float)" (??0TextBox@@QEAA@MMMM@Z)
Main.obj : error LNK2019: símbolo externo não resolvido, "__declspec(dllimport) public: class sf::Text & __cdecl sf::Text::operator=(class sf::Text &&)" (__imp_??4Text@sf@@QEAAAEAV01@$$QEAV01@@Z), referenciado na função "public: __cdecl TextBox::TextBox(float,float,float,float)" (??0TextBox@@QEAA@MMMM@Z)
Main.obj : error LNK2019: símbolo externo não resolvido, "__declspec(dllimport) public: __cdecl sf::Sound::Sound(void)" (__imp_??0Sound@sf@@QEAA@XZ), referenciado na função "public: __cdecl ResourceHandler::ResourceHandler(void)" (??0ResourceHandler@@QEAA@XZ)
Main.obj : error LNK2019: símbolo externo não resolvido, "__declspec(dllimport) public: virtual __cdecl sf::Sound::~Sound(void)" (__imp_??1Sound@sf@@UEAA@XZ), referenciado na função "public: __cdecl ResourceHandler::~ResourceHandler(void)" (??1ResourceHandler@@QEAA@XZ)
Main.obj : error LNK2019: símbolo externo não resolvido, "__declspec(dllimport) public: void __cdecl sf::Sound::setBuffer(class sf::SoundBuffer const &)" (__imp_?setBuffer@Sound@sf@@QEAAXAEBVSoundBuffer@2@@Z), referenciado na função "public: void __cdecl ClientEventHandler::playSound(class sf::Packet &)" (?playSound@ClientEventHandler@@QEAAXAEAVPacket@sf@@@Z)
Main.obj : error LNK2019: símbolo externo não resolvido, "__declspec(dllimport) public: __cdecl sf::SoundBuffer::SoundBuffer(void)" (__imp_??0SoundBuffer@sf@@QEAA@XZ), referenciado na função "void __cdecl clientMain(void)" (?clientMain@@YAXXZ)
Main.obj : error LNK2019: símbolo externo não resolvido, "__declspec(dllimport) public: __cdecl sf::SoundBuffer::~SoundBuffer(void)" (__imp_??1SoundBuffer@sf@@QEAA@XZ), referenciado na função "void __cdecl clientMain(void)" (?clientMain@@YAXXZ)
Main.obj : error LNK2019: símbolo externo não resolvido, "__declspec(dllimport) public: bool __cdecl sf::SoundBuffer::loadFromFile(class std::basic_string<char,struct std::char_traits<char>,class std::allocator<char> > const &)" (__imp_?loadFromFile@SoundBuffer@sf@@QEAA_NAEBV?$basic_string@DU?$char_traits@D@std@@V?$allocator@D@2@@std@@@Z), referenciado na função "void __cdecl clientMain(void)" (?clientMain@@YAXXZ)
    Dica em símbolos que estão definidos e podem corresponder potencialmente a:
      "__declspec(dllimport) public: bool __cdecl sf::Texture::loadFromFile(class std::basic_string<char,struct std::char_traits<char>,class std::allocator<char> > const &,class sf::Rect<int> const &)" (__imp_?loadFromFile@Texture@sf@@QEAA_NAEBV?$basic_string@DU?$char_traits@D@std@@V?$allocator@D@2@@std@@AEBV?$Rect@H@2@@Z)
Main.obj : error LNK2019: símbolo externo não resolvido, "__declspec(dllimport) public: void __cdecl sf::Socket::setBlocking(bool)" (__imp_?setBlocking@Socket@sf@@QEAAX_N@Z), referenciado na função "void __cdecl clientMain(void)" (?clientMain@@YAXXZ)
main2.obj : error LNK2001: símbolo externo não resolvido "__declspec(dllimport) public: void __cdecl sf::Socket::setBlocking(bool)" (__imp_?setBlocking@Socket@sf@@QEAAX_N@Z)
Main.obj : error LNK2019: símbolo externo não resolvido, "__declspec(dllimport) public: __cdecl sf::TcpSocket::TcpSocket(void)" (__imp_??0TcpSocket@sf@@QEAA@XZ), referenciado na função "void __cdecl clientMain(void)" (?clientMain@@YAXXZ)
main2.obj : error LNK2001: símbolo externo não resolvido "__declspec(dllimport) public: __cdecl sf::TcpSocket::TcpSocket(void)" (__imp_??0TcpSocket@sf@@QEAA@XZ)
Main.obj : error LNK2019: símbolo externo não resolvido, "__declspec(dllimport) public: enum sf::Socket::Status __cdecl sf::TcpSocket::connect(class sf::IpAddress const &,unsigned short,class sf::Time)" (__imp_?connect@TcpSocket@sf@@QEAA?AW4Status@Socket@2@AEBVIpAddress@2@GVTime@2@@Z), referenciado na função "void __cdecl clientMain(void)" (?clientMain@@YAXXZ)
main2.obj : error LNK2001: símbolo externo não resolvido "__declspec(dllimport) public: enum sf::Socket::Status __cdecl sf::TcpSocket::connect(class sf::IpAddress const &,unsigned short,class sf::Time)" (__imp_?connect@TcpSocket@sf@@QEAA?AW4Status@Socket@2@AEBVIpAddress@2@GVTime@2@@Z)
Main.obj : error LNK2019: símbolo externo não resolvido, "__declspec(dllimport) public: void __cdecl sf::TcpSocket::disconnect(void)" (__imp_?disconnect@TcpSocket@sf@@QEAAXXZ), referenciado na função "void __cdecl disconnectClient(class std::vector<class GameRoom *,class std::allocator<class GameRoom *> > &,class std::vector<class Client *,class std::allocator<class Client *> > &,int)" (?disconnectClient@@YAXAEAV?$vector@PEAVGameRoom@@V?$allocator@PEAVGameRoom@@@std@@@std@@AEAV?$vector@PEAVClient@@V?$allocator@PEAVClient@@@std@@@2@H@Z)
Main.obj : error LNK2019: símbolo externo não resolvido, "__declspec(dllimport) public: enum sf::Socket::Status __cdecl sf::TcpSocket::send(class sf::Packet &)" (__imp_?send@TcpSocket@sf@@QEAA?AW4Status@Socket@2@AEAVPacket@2@@Z), referenciado na função "void __cdecl clientMain(void)" (?clientMain@@YAXXZ)
main2.obj : error LNK2001: símbolo externo não resolvido "__declspec(dllimport) public: enum sf::Socket::Status __cdecl sf::TcpSocket::send(class sf::Packet &)" (__imp_?send@TcpSocket@sf@@QEAA?AW4Status@Socket@2@AEAVPacket@2@@Z)
Main.obj : error LNK2019: símbolo externo não resolvido, "__declspec(dllimport) public: enum sf::Socket::Status __cdecl sf::TcpSocket::receive(class sf::Packet &)" (__imp_?receive@TcpSocket@sf@@QEAA?AW4Status@Socket@2@AEAVPacket@2@@Z), referenciado na função "void __cdecl clientMain(void)" (?clientMain@@YAXXZ)
main2.obj : error LNK2001: símbolo externo não resolvido "__declspec(dllimport) public: enum sf::Socket::Status __cdecl sf::TcpSocket::receive(class sf::Packet &)" (__imp_?receive@TcpSocket@sf@@QEAA?AW4Status@Socket@2@AEAVPacket@2@@Z)
Main.obj : error LNK2019: símbolo externo não resolvido, "__declspec(dllimport) public: virtual __cdecl sf::TcpSocket::~TcpSocket(void)" (__imp_??1TcpSocket@sf@@UEAA@XZ), referenciado na função "public: virtual void * __cdecl sf::TcpSocket::`scalar deleting destructor'(unsigned int)" (??_GTcpSocket@sf@@UEAAPEAXI@Z)
main2.obj : error LNK2001: símbolo externo não resolvido "__declspec(dllimport) public: virtual __cdecl sf::TcpSocket::~TcpSocket(void)" (__imp_??1TcpSocket@sf@@UEAA@XZ)
Main.obj : error LNK2019: símbolo externo não resolvido, "__declspec(dllimport) public: __cdecl sf::IpAddress::IpAddress(void)" (__imp_??0IpAddress@sf@@QEAA@XZ), referenciado na função "void __cdecl clientMain(void)" (?clientMain@@YAXXZ)
Main.obj : error LNK2019: símbolo externo não resolvido, "__declspec(dllimport) public: __cdecl sf::IpAddress::IpAddress(class std::basic_string<char,struct std::char_traits<char>,class std::allocator<char> > const &)" (__imp_??0IpAddress@sf@@QEAA@AEBV?$basic_string@DU?$char_traits@D@std@@V?$allocator@D@2@@std@@@Z), referenciado na função "void __cdecl clientMain(void)" (?clientMain@@YAXXZ)
main2.obj : error LNK2001: símbolo externo não resolvido "__declspec(dllimport) public: __cdecl sf::IpAddress::IpAddress(class std::basic_string<char,struct std::char_traits<char>,class std::allocator<char> > const &)" (__imp_??0IpAddress@sf@@QEAA@AEBV?$basic_string@DU?$char_traits@D@std@@V?$allocator@D@2@@std@@@Z)
Main.obj : error LNK2019: símbolo externo não resolvido, "__declspec(dllimport) public: class std::basic_string<char,struct std::char_traits<char>,class std::allocator<char> > __cdecl sf::IpAddress::toString(void)const " (__imp_?toString@IpAddress@sf@@QEBA?AV?$basic_string@DU?$char_traits@D@std@@V?$allocator@D@2@@std@@XZ), referenciado na função "void __cdecl serverMain(void)" (?serverMain@@YAXXZ)
main2.obj : error LNK2001: símbolo externo não resolvido "__declspec(dllimport) public: class std::basic_string<char,struct std::char_traits<char>,class std::allocator<char> > __cdecl sf::IpAddress::toString(void)const " (__imp_?toString@IpAddress@sf@@QEBA?AV?$basic_string@DU?$char_traits@D@std@@V?$allocator@D@2@@std@@XZ)
Main.obj : error LNK2019: símbolo externo não resolvido, "__declspec(dllimport) public: static class sf::IpAddress __cdecl sf::IpAddress::getLocalAddress(void)" (__imp_?getLocalAddress@IpAddress@sf@@SA?AV12@XZ), referenciado na função "void __cdecl clientMain(void)" (?clientMain@@YAXXZ)
main2.obj : error LNK2001: símbolo externo não resolvido "__declspec(dllimport) public: static class sf::IpAddress __cdecl sf::IpAddress::getLocalAddress(void)" (__imp_?getLocalAddress@IpAddress@sf@@SA?AV12@XZ)
Main.obj : error LNK2019: símbolo externo não resolvido, "__declspec(dllimport) public: __cdecl sf::Packet::Packet(void)" (__imp_??0Packet@sf@@QEAA@XZ), referenciado na função "public: __cdecl Client::Client(int,class sf::TcpSocket *)" (??0Client@@QEAA@HPEAVTcpSocket@sf@@@Z)
main2.obj : error LNK2001: símbolo externo não resolvido "__declspec(dllimport) public: __cdecl sf::Packet::Packet(void)" (__imp_??0Packet@sf@@QEAA@XZ)
Main.obj : error LNK2019: símbolo externo não resolvido, "__declspec(dllimport) public: virtual __cdecl sf::Packet::~Packet(void)" (__imp_??1Packet@sf@@UEAA@XZ), referenciado na função "int `public: __cdecl GameRoom::GameRoom(int)'::`1'::dtor$2" (?dtor$2@?0???0GameRoom@@QEAA@H@Z@4HA)
main2.obj : error LNK2001: símbolo externo não resolvido "__declspec(dllimport) public: virtual __cdecl sf::Packet::~Packet(void)" (__imp_??1Packet@sf@@UEAA@XZ)
Main.obj : error LNK2019: símbolo externo não resolvido, "__declspec(dllimport) public: void __cdecl sf::Packet::append(void const *,unsigned __int64)" (__imp_?append@Packet@sf@@QEAAXPEBX_K@Z), referenciado na função "void __cdecl clientMain(void)" (?clientMain@@YAXXZ)
main2.obj : error LNK2001: símbolo externo não resolvido "__declspec(dllimport) public: void __cdecl sf::Packet::append(void const *,unsigned __int64)" (__imp_?append@Packet@sf@@QEAAXPEBX_K@Z)
Main.obj : error LNK2019: símbolo externo não resolvido, "__declspec(dllimport) public: void __cdecl sf::Packet::clear(void)" (__imp_?clear@Packet@sf@@QEAAXXZ), referenciado na função "void __cdecl clientMain(void)" (?clientMain@@YAXXZ)
    Dica em símbolos que estão definidos e podem corresponder potencialmente a:
      "__declspec(dllimport) public: void __cdecl sf::RenderTarget::clear(class sf::Color const &)" (__imp_?clear@RenderTarget@sf@@QEAAXAEBVColor@2@@Z)
Main.obj : error LNK2019: símbolo externo não resolvido, "__declspec(dllimport) public: void const * __cdecl sf::Packet::getData(void)const " (__imp_?getData@Packet@sf@@QEBAPEBXXZ), referenciado na função "void __cdecl clientMain(void)" (?clientMain@@YAXXZ)
main2.obj : error LNK2001: símbolo externo não resolvido "__declspec(dllimport) public: void const * __cdecl sf::Packet::getData(void)const " (__imp_?getData@Packet@sf@@QEBAPEBXXZ)
Main.obj : error LNK2019: símbolo externo não resolvido, "__declspec(dllimport) public: unsigned __int64 __cdecl sf::Packet::getDataSize(void)const " (__imp_?getDataSize@Packet@sf@@QEBA_KXZ), referenciado na função "void __cdecl clientMain(void)" (?clientMain@@YAXXZ)
main2.obj : error LNK2001: símbolo externo não resolvido "__declspec(dllimport) public: unsigned __int64 __cdecl sf::Packet::getDataSize(void)const " (__imp_?getDataSize@Packet@sf@@QEBA_KXZ)
Main.obj : error LNK2019: símbolo externo não resolvido, "__declspec(dllimport) public: bool __cdecl sf::Packet::endOfPacket(void)const " (__imp_?endOfPacket@Packet@sf@@QEBA_NXZ), referenciado na função "void __cdecl clientMain(void)" (?clientMain@@YAXXZ)
main2.obj : error LNK2001: símbolo externo não resolvido "__declspec(dllimport) public: bool __cdecl sf::Packet::endOfPacket(void)const " (__imp_?endOfPacket@Packet@sf@@QEBA_NXZ)
Main.obj : error LNK2019: símbolo externo não resolvido, "__declspec(dllimport) public: __cdecl sf::Packet::operator bool (__cdecl sf::Packet::*)(unsigned __int64)(void)const " (__imp_??BPacket@sf@@QEBAP801@EAA_N_K@ZXZ), referenciado na função "void __cdecl clientMain(void)" (?clientMain@@YAXXZ)
main2.obj : error LNK2001: símbolo externo não resolvido "__declspec(dllimport) public: __cdecl sf::Packet::operator bool (__cdecl sf::Packet::*)(unsigned __int64)(void)const " (__imp_??BPacket@sf@@QEBAP801@EAA_N_K@ZXZ)
Main.obj : error LNK2019: símbolo externo não resolvido, "__declspec(dllimport) public: class sf::Packet & __cdecl sf::Packet::operator>>(bool &)" (__imp_??5Packet@sf@@QEAAAEAV01@AEA_N@Z), referenciado na função "class sf::Packet & __cdecl operator>>(class sf::Packet &,struct Physics &)" (??5@YAAEAVPacket@sf@@AEAV01@AEAUPhysics@@@Z)
Main.obj : error LNK2019: símbolo externo não resolvido, "__declspec(dllimport) public: class sf::Packet & __cdecl sf::Packet::operator>>(unsigned char &)" (__imp_??5Packet@sf@@QEAAAEAV01@AEAE@Z), referenciado na função "class sf::Packet & __cdecl operator>>(class sf::Packet &,class sf::Color &)" (??5@YAAEAVPacket@sf@@AEAV01@AEAVColor@1@@Z)
Main.obj : error LNK2019: símbolo externo não resolvido, "__declspec(dllimport) public: class sf::Packet & __cdecl sf::Packet::operator>>(int &)" (__imp_??5Packet@sf@@QEAAAEAV01@AEAH@Z), referenciado na função "class sf::Packet & __cdecl operator>>(class sf::Packet &,class BombObject &)" (??5@YAAEAVPacket@sf@@AEAV01@AEAVBombObject@@@Z)
main2.obj : error LNK2001: símbolo externo não resolvido "__declspec(dllimport) public: class sf::Packet & __cdecl sf::Packet::operator>>(int &)" (__imp_??5Packet@sf@@QEAAAEAV01@AEAH@Z)
Main.obj : error LNK2019: símbolo externo não resolvido, "__declspec(dllimport) public: class sf::Packet & __cdecl sf::Packet::operator>>(float &)" (__imp_??5Packet@sf@@QEAAAEAV01@AEAM@Z), referenciado na função "class sf::Packet & __cdecl operator>>(class sf::Packet &,struct Physics &)" (??5@YAAEAVPacket@sf@@AEAV01@AEAUPhysics@@@Z)
Main.obj : error LNK2019: símbolo externo não resolvido, "__declspec(dllimport) public: class sf::Packet & __cdecl sf::Packet::operator>>(class std::basic_string<char,struct std::char_traits<char>,class std::allocator<char> > &)" (__imp_??5Packet@sf@@QEAAAEAV01@AEAV?$basic_string@DU?$char_traits@D@std@@V?$allocator@D@2@@std@@@Z), referenciado na função "class sf::Packet & __cdecl operator>>(class sf::Packet &,class GameObject &)" (??5@YAAEAVPacket@sf@@AEAV01@AEAVGameObject@@@Z)
Main.obj : error LNK2019: símbolo externo não resolvido, "__declspec(dllimport) public: class sf::Packet & __cdecl sf::Packet::operator<<(bool)" (__imp_??6Packet@sf@@QEAAAEAV01@_N@Z), referenciado na função "class sf::Packet & __cdecl operator<<(class sf::Packet &,struct Physics &)" (??6@YAAEAVPacket@sf@@AEAV01@AEAUPhysics@@@Z)
Main.obj : error LNK2019: símbolo externo não resolvido, "__declspec(dllimport) public: class sf::Packet & __cdecl sf::Packet::operator<<(unsigned char)" (__imp_??6Packet@sf@@QEAAAEAV01@E@Z), referenciado na função "class sf::Packet & __cdecl operator<<(class sf::Packet &,class sf::Color &)" (??6@YAAEAVPacket@sf@@AEAV01@AEAVColor@1@@Z)
Main.obj : error LNK2019: símbolo externo não resolvido, "__declspec(dllimport) public: class sf::Packet & __cdecl sf::Packet::operator<<(int)" (__imp_??6Packet@sf@@QEAAAEAV01@H@Z), referenciado na função "class sf::Packet & __cdecl operator<<(class sf::Packet &,class BombObject &)" (??6@YAAEAVPacket@sf@@AEAV01@AEAVBombObject@@@Z)
main2.obj : error LNK2001: símbolo externo não resolvido "__declspec(dllimport) public: class sf::Packet & __cdecl sf::Packet::operator<<(int)" (__imp_??6Packet@sf@@QEAAAEAV01@H@Z)
Main.obj : error LNK2019: símbolo externo não resolvido, "__declspec(dllimport) public: class sf::Packet & __cdecl sf::Packet::operator<<(float)" (__imp_??6Packet@sf@@QEAAAEAV01@M@Z), referenciado na função "class sf::Packet & __cdecl operator<<(class sf::Packet &,struct Physics &)" (??6@YAAEAVPacket@sf@@AEAV01@AEAUPhysics@@@Z)
Main.obj : error LNK2019: símbolo externo não resolvido, "__declspec(dllimport) public: class sf::Packet & __cdecl sf::Packet::operator<<(class std::basic_string<char,struct std::char_traits<char>,class std::allocator<char> > const &)" (__imp_??6Packet@sf@@QEAAAEAV01@AEBV?$basic_string@DU?$char_traits@D@std@@V?$allocator@D@2@@std@@@Z), referenciado na função "class sf::Packet & __cdecl operator<<(class sf::Packet &,class GameObject &)" (??6@YAAEAVPacket@sf@@AEAV01@AEAVGameObject@@@Z)
Main.obj : error LNK2019: símbolo externo não resolvido, "__declspec(dllimport) public: __cdecl sf::TcpListener::TcpListener(void)" (__imp_??0TcpListener@sf@@QEAA@XZ), referenciado na função "void __cdecl serverMain(void)" (?serverMain@@YAXXZ)
main2.obj : error LNK2001: símbolo externo não resolvido "__declspec(dllimport) public: __cdecl sf::TcpListener::TcpListener(void)" (__imp_??0TcpListener@sf@@QEAA@XZ)
Main.obj : error LNK2019: símbolo externo não resolvido, "__declspec(dllimport) public: unsigned short __cdecl sf::TcpListener::getLocalPort(void)const " (__imp_?getLocalPort@TcpListener@sf@@QEBAGXZ), referenciado na função "void __cdecl serverMain(void)" (?serverMain@@YAXXZ)
main2.obj : error LNK2001: símbolo externo não resolvido "__declspec(dllimport) public: unsigned short __cdecl sf::TcpListener::getLocalPort(void)const " (__imp_?getLocalPort@TcpListener@sf@@QEBAGXZ)
Main.obj : error LNK2019: símbolo externo não resolvido, "__declspec(dllimport) public: enum sf::Socket::Status __cdecl sf::TcpListener::listen(unsigned short,class sf::IpAddress const &)" (__imp_?listen@TcpListener@sf@@QEAA?AW4Status@Socket@2@GAEBVIpAddress@2@@Z), referenciado na função "void __cdecl serverMain(void)" (?serverMain@@YAXXZ)
main2.obj : error LNK2001: símbolo externo não resolvido "__declspec(dllimport) public: enum sf::Socket::Status __cdecl sf::TcpListener::listen(unsigned short,class sf::IpAddress const &)" (__imp_?listen@TcpListener@sf@@QEAA?AW4Status@Socket@2@GAEBVIpAddress@2@@Z)
Main.obj : error LNK2019: símbolo externo não resolvido, "__declspec(dllimport) public: enum sf::Socket::Status __cdecl sf::TcpListener::accept(class sf::TcpSocket &)" (__imp_?accept@TcpListener@sf@@QEAA?AW4Status@Socket@2@AEAVTcpSocket@2@@Z), referenciado na função "void __cdecl serverMain(void)" (?serverMain@@YAXXZ)
main2.obj : error LNK2001: símbolo externo não resolvido "__declspec(dllimport) public: enum sf::Socket::Status __cdecl sf::TcpListener::accept(class sf::TcpSocket &)" (__imp_?accept@TcpListener@sf@@QEAA?AW4Status@Socket@2@AEAVTcpSocket@2@@Z)
Main.obj : error LNK2019: símbolo externo não resolvido, "__declspec(dllimport) public: virtual __cdecl sf::TcpListener::~TcpListener(void)" (__imp_??1TcpListener@sf@@UEAA@XZ), referenciado na função "void __cdecl serverMain(void)" (?serverMain@@YAXXZ)
main2.obj : error LNK2001: símbolo externo não resolvido "__declspec(dllimport) public: virtual __cdecl sf::TcpListener::~TcpListener(void)" (__imp_??1TcpListener@sf@@UEAA@XZ)
Main.obj : error LNK2019: símbolo externo não resolvido, "__declspec(dllimport) public: static class sf::RenderStates const sf::RenderStates::Default" (__imp_?Default@RenderStates@sf@@2V12@B), referenciado na função "void __cdecl clientMain(void)" (?clientMain@@YAXXZ)
Main.obj : error LNK2019: símbolo externo não resolvido, "__declspec(dllimport) public: static class sf::IpAddress const sf::IpAddress::Any" (__imp_?Any@IpAddress@sf@@2V12@B), referenciado na função "void __cdecl serverMain(void)" (?serverMain@@YAXXZ)
main2.obj : error LNK2001: símbolo externo não resolvido "__declspec(dllimport) public: static class sf::IpAddress const sf::IpAddress::Any" (__imp_?Any@IpAddress@sf@@2V12@B)
C:\Multiplayer SFML\Game\x64\Debug\Game.exe : fatal error LNK1120: 66 externo não resolvidos
