  Main.cpp
E:\DOC\GitHub\Multiplayer-SFML\Rinha\Math2.h(73,22): warning C4244: 'return': conversão de 'double' para 'float', possível perda de dados
E:\DOC\GitHub\Multiplayer-SFML\Rinha\Math2.h(83,13): warning C4244: 'return': conversão de 'double' para 'float', possível perda de dados
E:\DOC\GitHub\Multiplayer-SFML\Rinha\Math2.h(88,21): warning C4244: 'return': conversão de 'long double' para 'float', possível perda de dados
E:\DOC\GitHub\Multiplayer-SFML\Rinha\Math2.h(93,20): warning C4244: 'return': conversão de 'long double' para 'float', possível perda de dados
E:\DOC\GitHub\Multiplayer-SFML\Rinha\GUI.h(70,40): warning C4244: 'argumento': conversão de 'double' para 'unsigned int', possível perda de dados
E:\DOC\GitHub\Multiplayer-SFML\Rinha\GUI.h(73,43): warning C4244: 'argumento': conversão de 'float' para 'unsigned int', possível perda de dados
E:\DOC\GitHub\Multiplayer-SFML\Rinha\GUI.h(89,35): warning C4244: '+=': conversão de 'double' para 'float', possível perda de dados
E:\DOC\GitHub\Multiplayer-SFML\Rinha\GUI.h(90,35): warning C4244: '+=': conversão de 'double' para 'float', possível perda de dados
E:\DOC\GitHub\Multiplayer-SFML\Rinha\GUI.h(106,24): warning C4244: 'inicializando': conversão de 'double' para 'float', possível perda de dados
E:\DOC\GitHub\Multiplayer-SFML\Rinha\GUI.h(108,36): warning C4244: 'argumento': conversão de 'float' para 'unsigned int', possível perda de dados
E:\DOC\GitHub\Multiplayer-SFML\Rinha\GUI.h(116,25): warning C4244: 'inicializando': conversão de 'double' para 'float', possível perda de dados
E:\DOC\GitHub\Multiplayer-SFML\Rinha\GUI.h(117,25): warning C4244: 'inicializando': conversão de 'double' para 'float', possível perda de dados
E:\DOC\GitHub\Multiplayer-SFML\Rinha\GUI.h(130,1): warning C4305: '*=': truncamento de 'double' para 'float'
E:\DOC\GitHub\Multiplayer-SFML\Rinha\GUI.h(133,39): warning C4244: 'argumento': conversão de 'float' para 'unsigned int', possível perda de dados
E:\DOC\GitHub\Multiplayer-SFML\Rinha\GUI.h(139,41): warning C4244: 'argumento': conversão de 'double' para 'float', possível perda de dados
E:\DOC\GitHub\Multiplayer-SFML\Rinha\GUI.h(223,40): warning C4244: 'argumento': conversão de 'double' para 'unsigned int', possível perda de dados
E:\DOC\GitHub\Multiplayer-SFML\Rinha\GUI.h(226,43): warning C4244: 'argumento': conversão de 'float' para 'unsigned int', possível perda de dados
E:\DOC\GitHub\Multiplayer-SFML\Rinha\GUI.h(327,35): warning C4244: 'argumento': conversão de 'int' para 'float', possível perda de dados
E:\DOC\GitHub\Multiplayer-SFML\Rinha\GUI.h(327,28): warning C4244: '=': conversão de 'float' para 'sf::Uint8', possível perda de dados
E:\DOC\GitHub\Multiplayer-SFML\Rinha\GUI.h(328,35): warning C4244: 'argumento': conversão de 'int' para 'float', possível perda de dados
E:\DOC\GitHub\Multiplayer-SFML\Rinha\GUI.h(328,28): warning C4244: '=': conversão de 'float' para 'sf::Uint8', possível perda de dados
E:\DOC\GitHub\Multiplayer-SFML\Rinha\GUI.h(329,35): warning C4244: 'argumento': conversão de 'int' para 'float', possível perda de dados
E:\DOC\GitHub\Multiplayer-SFML\Rinha\GUI.h(329,28): warning C4244: '=': conversão de 'float' para 'sf::Uint8', possível perda de dados
E:\DOC\GitHub\Multiplayer-SFML\Rinha\GUI.h(334,35): warning C4244: 'argumento': conversão de 'int' para 'float', possível perda de dados
E:\DOC\GitHub\Multiplayer-SFML\Rinha\GUI.h(334,28): warning C4244: '=': conversão de 'float' para 'sf::Uint8', possível perda de dados
E:\DOC\GitHub\Multiplayer-SFML\Rinha\GUI.h(335,35): warning C4244: 'argumento': conversão de 'int' para 'float', possível perda de dados
E:\DOC\GitHub\Multiplayer-SFML\Rinha\GUI.h(335,28): warning C4244: '=': conversão de 'float' para 'sf::Uint8', possível perda de dados
E:\DOC\GitHub\Multiplayer-SFML\Rinha\GUI.h(336,35): warning C4244: 'argumento': conversão de 'int' para 'float', possível perda de dados
E:\DOC\GitHub\Multiplayer-SFML\Rinha\GUI.h(336,28): warning C4244: '=': conversão de 'float' para 'sf::Uint8', possível perda de dados
E:\DOC\GitHub\Multiplayer-SFML\Rinha\GUI.h(354,24): warning C4244: 'inicializando': conversão de 'double' para 'float', possível perda de dados
E:\DOC\GitHub\Multiplayer-SFML\Rinha\GUI.h(364,1): warning C4305: '*=': truncamento de 'double' para 'float'
E:\DOC\GitHub\Multiplayer-SFML\Rinha\GUI.h(366,40): warning C4244: 'argumento': conversão de 'double' para 'float', possível perda de dados
E:\DOC\GitHub\Multiplayer-SFML\Rinha\GUI.h(386,74): warning C4244: 'argumento': conversão de 'double' para 'float', possível perda de dados
E:\DOC\GitHub\Multiplayer-SFML\Rinha\GUI.h(387,45): warning C4244: 'argumento': conversão de 'double' para 'T', possível perda de dados
          with
          [
              T=float
          ]
E:\DOC\GitHub\Multiplayer-SFML\Rinha\GUI.h(442,31): warning C4244: 'inicializando': conversão de 'double' para 'int', possível perda de dados
E:\DOC\GitHub\Multiplayer-SFML\Rinha\GUI.h(476,1): warning C4267: 'inicializando': conversão de 'size_t' para 'int', possível perda de dados
E:\DOC\GitHub\Multiplayer-SFML\Rinha\GUI.h(556,39): warning C4244: 'argumento': conversão de 'double' para 'unsigned int', possível perda de dados
E:\DOC\GitHub\Multiplayer-SFML\Rinha\GUI.h(560,43): warning C4244: 'argumento': conversão de 'float' para 'unsigned int', possível perda de dados
E:\DOC\GitHub\Multiplayer-SFML\Rinha\GUI.h(620,34): warning C4244: 'argumento': conversão de 'double' para 'float', possível perda de dados
E:\DOC\GitHub\Multiplayer-SFML\Rinha\GUI.h(620,28): warning C4244: '=': conversão de 'float' para 'sf::Uint8', possível perda de dados
E:\DOC\GitHub\Multiplayer-SFML\Rinha\GUI.h(621,34): warning C4244: 'argumento': conversão de 'double' para 'float', possível perda de dados
E:\DOC\GitHub\Multiplayer-SFML\Rinha\GUI.h(621,28): warning C4244: '=': conversão de 'float' para 'sf::Uint8', possível perda de dados
E:\DOC\GitHub\Multiplayer-SFML\Rinha\GUI.h(622,34): warning C4244: 'argumento': conversão de 'double' para 'float', possível perda de dados
E:\DOC\GitHub\Multiplayer-SFML\Rinha\GUI.h(622,28): warning C4244: '=': conversão de 'float' para 'sf::Uint8', possível perda de dados
E:\DOC\GitHub\Multiplayer-SFML\Rinha\GUI.h(626,34): warning C4244: 'argumento': conversão de 'double' para 'float', possível perda de dados
E:\DOC\GitHub\Multiplayer-SFML\Rinha\GUI.h(626,28): warning C4244: '=': conversão de 'float' para 'sf::Uint8', possível perda de dados
E:\DOC\GitHub\Multiplayer-SFML\Rinha\GUI.h(627,34): warning C4244: 'argumento': conversão de 'double' para 'float', possível perda de dados
E:\DOC\GitHub\Multiplayer-SFML\Rinha\GUI.h(627,28): warning C4244: '=': conversão de 'float' para 'sf::Uint8', possível perda de dados
E:\DOC\GitHub\Multiplayer-SFML\Rinha\GUI.h(628,34): warning C4244: 'argumento': conversão de 'double' para 'float', possível perda de dados
E:\DOC\GitHub\Multiplayer-SFML\Rinha\GUI.h(628,28): warning C4244: '=': conversão de 'float' para 'sf::Uint8', possível perda de dados
E:\DOC\GitHub\Multiplayer-SFML\Rinha\GUI.h(648,24): warning C4244: 'inicializando': conversão de 'double' para 'float', possível perda de dados
E:\DOC\GitHub\Multiplayer-SFML\Rinha\GUI.h(650,36): warning C4244: 'argumento': conversão de 'float' para 'unsigned int', possível perda de dados
E:\DOC\GitHub\Multiplayer-SFML\Rinha\GUI.h(665,39): warning C4244: 'argumento': conversão de 'float' para 'unsigned int', possível perda de dados
E:\DOC\GitHub\Multiplayer-SFML\Rinha\gameHelper.h(235,1): warning C4305: '*=': truncamento de 'double' para 'float'
E:\DOC\GitHub\Multiplayer-SFML\Rinha\gameHelper.h(236,1): warning C4305: '*=': truncamento de 'double' para 'float'
E:\DOC\GitHub\Multiplayer-SFML\Rinha\gameHelper.h(263,11): warning C4305: 'inicializando': truncamento de 'double' para 'float'
E:\DOC\GitHub\Multiplayer-SFML\Rinha\gameHelper.h(264,11): warning C4305: 'inicializando': truncamento de 'double' para 'float'
E:\DOC\GitHub\Multiplayer-SFML\Rinha\gameHelper.h(266,11): warning C4305: 'inicializando': truncamento de 'double' para 'float'
E:\DOC\GitHub\Multiplayer-SFML\Rinha\gameHelper.h(267,11): warning C4305: 'inicializando': truncamento de 'double' para 'float'
E:\DOC\GitHub\Multiplayer-SFML\Rinha\gameHelper.h(338,64): warning C4099: 'SpriteData': nome de tipo visto primeiro usando 'class', agora visto usando 'struct'
E:\DOC\GitHub\Multiplayer-SFML\Rinha\gameHelper.h(294,7): message : consulte a declaração de 'SpriteData'
E:\DOC\GitHub\Multiplayer-SFML\Rinha\gameHelper.h(342,64): warning C4099: 'SpriteData': nome de tipo visto primeiro usando 'class', agora visto usando 'struct'
E:\DOC\GitHub\Multiplayer-SFML\Rinha\gameHelper.h(294,7): message : consulte a declaração de 'SpriteData'
E:\DOC\GitHub\Multiplayer-SFML\Rinha\gameHelper.h(643,1): warning C4305: '=': truncamento de 'double' para 'float'
E:\DOC\GitHub\Multiplayer-SFML\Rinha\gameHelper.h(644,1): warning C4305: '=': truncamento de 'double' para 'float'
E:\DOC\GitHub\Multiplayer-SFML\Rinha\gameObject.h(94,1): warning C4305: '=': truncamento de 'double' para 'float'
E:\DOC\GitHub\Multiplayer-SFML\Rinha\gameObject.h(95,1): warning C4305: '=': truncamento de 'double' para 'float'
E:\DOC\GitHub\Multiplayer-SFML\Rinha\gameObject.h(210,75): warning C4244: 'argumento': conversão de 'int' para 'float', possível perda de dados
E:\DOC\GitHub\Multiplayer-SFML\Rinha\gameObject.h(210,57): warning C4244: 'argumento': conversão de 'int' para 'float', possível perda de dados
E:\DOC\GitHub\Multiplayer-SFML\Rinha\gameObject.h(211,75): warning C4244: 'argumento': conversão de 'float' para 'sf::Uint8', possível perda de dados
E:\DOC\GitHub\Multiplayer-SFML\Rinha\gameObject.h(211,65): warning C4244: 'argumento': conversão de 'float' para 'sf::Uint8', possível perda de dados
E:\DOC\GitHub\Multiplayer-SFML\Rinha\gameHelper.h(746,40): warning C4267: 'inicializando': conversão de 'size_t' para 'int', possível perda de dados
E:\DOC\GitHub\Multiplayer-SFML\Rinha\gameHelper.h(761,40): warning C4267: 'inicializando': conversão de 'size_t' para 'int', possível perda de dados
E:\DOC\GitHub\Multiplayer-SFML\Rinha\gameHelper.h(777,40): warning C4267: 'inicializando': conversão de 'size_t' para 'int', possível perda de dados
E:\DOC\GitHub\Multiplayer-SFML\Rinha\gameHelper.h(798,40): warning C4267: 'inicializando': conversão de 'size_t' para 'int', possível perda de dados
E:\DOC\GitHub\Multiplayer-SFML\Rinha\gameHelper.h(813,36): warning C4267: 'inicializando': conversão de 'size_t' para 'int', possível perda de dados
E:\DOC\GitHub\Multiplayer-SFML\Rinha\gameObjectHandle.h(30,1): warning C4267: 'inicializando': conversão de 'size_t' para 'int', possível perda de dados
E:\DOC\GitHub\Multiplayer-SFML\Rinha\gameObjectHandle.h(58,1): warning C4267: 'inicializando': conversão de 'size_t' para 'int', possível perda de dados
E:\DOC\GitHub\Multiplayer-SFML\Rinha\gameObjectHandle.h(73,40): warning C4244: 'inicializando': conversão de 'int' para 'float', possível perda de dados
E:\DOC\GitHub\Multiplayer-SFML\Rinha\gameObjectHandle.h(74,29): warning C4244: 'inicializando': conversão de 'long double' para 'float', possível perda de dados
E:\DOC\GitHub\Multiplayer-SFML\Rinha\gameObjectHandle.h(232,50): warning C4244: 'argumento': conversão de 'int' para 'float', possível perda de dados
E:\DOC\GitHub\Multiplayer-SFML\Rinha\gameObjectHandle.h(276,50): warning C4244: 'argumento': conversão de 'int' para 'float', possível perda de dados
E:\DOC\GitHub\Multiplayer-SFML\Rinha\gameObjectHandle.h(314,1): warning C4305: '*=': truncamento de 'double' para 'float'
E:\DOC\GitHub\Multiplayer-SFML\Rinha\gameObjectHandle.h(379,51): warning C4244: 'argumento': conversão de 'int' para 'float', possível perda de dados
E:\DOC\GitHub\Multiplayer-SFML\Rinha\gameObjectHandle.h(379,39): warning C4244: 'argumento': conversão de 'int' para 'float', possível perda de dados
E:\DOC\GitHub\Multiplayer-SFML\Rinha\gameObjectHandle.h(379,30): warning C4244: 'argumento': conversão de 'int' para 'float', possível perda de dados
E:\DOC\GitHub\Multiplayer-SFML\Rinha\gameObjectHandle.h(379,21): warning C4244: 'argumento': conversão de 'int' para 'float', possível perda de dados
E:\DOC\GitHub\Multiplayer-SFML\Rinha\gameHelper.h(943,46): warning C4267: 'inicializando': conversão de 'size_t' para 'int', possível perda de dados
E:\DOC\GitHub\Multiplayer-SFML\Rinha\gameHelper.h(987,1): warning C4305: '=': truncamento de 'double' para 'float'
E:\DOC\GitHub\Multiplayer-SFML\Rinha\gameHelper.h(1000,38): warning C4267: 'inicializando': conversão de 'size_t' para 'int', possível perda de dados
E:\DOC\GitHub\Multiplayer-SFML\Rinha\eventHandler.h(207,1): warning C4099: 'RoomInfo': nome de tipo visto primeiro usando 'class', agora visto usando 'struct'
E:\DOC\GitHub\Multiplayer-SFML\Rinha\gameHelper.h(162,7): message : consulte a declaração de 'RoomInfo'
E:\DOC\GitHub\Multiplayer-SFML\Rinha\eventHandler.h(284,1): warning C4305: '=': truncamento de 'double' para 'float'
E:\DOC\GitHub\Multiplayer-SFML\Rinha\gameRoomHandle.h(39,1): warning C4305: '*=': truncamento de 'double' para 'float'
E:\DOC\GitHub\Multiplayer-SFML\Rinha\gameRoomHandle.h(50,1): warning C4305: '*=': truncamento de 'double' para 'float'
E:\DOC\GitHub\Multiplayer-SFML\Rinha\gameRoomHandle.h(51,1): warning C4305: '*=': truncamento de 'double' para 'float'
E:\DOC\GitHub\Multiplayer-SFML\Rinha\serverMain.h(26,37): warning C4305: '=': truncamento de 'double' para 'float'
E:\DOC\GitHub\Multiplayer-SFML\Rinha\serverMain.h(59,40): warning C4305: '=': truncamento de 'double' para 'float'
E:\DOC\GitHub\Multiplayer-SFML\Rinha\serverMain.h(269,66): warning C4244: 'argumento': conversão de 'int' para 'float', possível perda de dados
E:\DOC\GitHub\Multiplayer-SFML\Rinha\serverMain.h(286,52): warning C4244: 'argumento': conversão de 'int' para 'float', possível perda de dados
E:\DOC\GitHub\Multiplayer-SFML\Rinha\serverMain.h(367,78): warning C4267: 'inicializando': conversão de 'size_t' para 'int', possível perda de dados
E:\DOC\GitHub\Multiplayer-SFML\Rinha\clientMain.h(206,26): warning C4099: 'RoomInfo': nome de tipo visto primeiro usando 'class', agora visto usando 'struct'
E:\DOC\GitHub\Multiplayer-SFML\Rinha\gameHelper.h(162,7): message : consulte a declaração de 'RoomInfo'
E:\DOC\GitHub\Multiplayer-SFML\Rinha\clientMain.h(646,126): warning C4305: 'argumento': truncamento de 'double' para 'float'
E:\DOC\GitHub\Multiplayer-SFML\Rinha\clientMain.h(656,15): warning C4305: '+=': truncamento de 'double' para 'float'
E:\DOC\GitHub\Multiplayer-SFML\Rinha\clientMain.h(677,3): warning C4267: 'inicializando': conversão de 'size_t' para 'int', possível perda de dados
E:\DOC\GitHub\Multiplayer-SFML\Rinha\clientMain.h(693,3): warning C4267: 'inicializando': conversão de 'size_t' para 'int', possível perda de dados
E:\DOC\GitHub\Multiplayer-SFML\Rinha\Main.cpp(123,82): warning C4244: 'argumento': conversão de 'int' para 'T', possível perda de dados
          with
          [
              T=float
          ]
E:\DOC\GitHub\Multiplayer-SFML\Rinha\Main.cpp(123,63): warning C4244: 'argumento': conversão de 'int' para 'T', possível perda de dados
          with
          [
              T=float
          ]
  Gerando código
  2 of 964 functions ( 0.2%) were compiled, the rest were copied from previous compilation.
    0 functions were new in current compilation
    10 functions had inline decision re-evaluated but remain unchanged
  Finalizada a geração de código
  Rinha.vcxproj -> E:\DOC\GitHub\Multiplayer-SFML\x64\Release\Game.exe
