  Main.cpp
C:\Multiplayer SFML\Game\Rinha\gameHelper.h(235,1): warning C4305: '*=': truncamento de 'double' para 'float'
C:\Multiplayer SFML\Game\Rinha\gameHelper.h(236,1): warning C4305: '*=': truncamento de 'double' para 'float'
C:\Multiplayer SFML\Game\Rinha\gameHelper.h(263,11): warning C4305: 'inicializando': truncamento de 'double' para 'float'
C:\Multiplayer SFML\Game\Rinha\gameHelper.h(264,11): warning C4305: 'inicializando': truncamento de 'double' para 'float'
C:\Multiplayer SFML\Game\Rinha\gameHelper.h(266,11): warning C4305: 'inicializando': truncamento de 'double' para 'float'
C:\Multiplayer SFML\Game\Rinha\gameHelper.h(267,11): warning C4305: 'inicializando': truncamento de 'double' para 'float'
C:\Multiplayer SFML\Game\Rinha\gameHelper.h(338,64): warning C4099: 'SpriteData': nome de tipo visto primeiro usando 'class', agora visto usando 'struct'
C:\Multiplayer SFML\Game\Rinha\gameHelper.h(294,7): message : consulte a declaração de 'SpriteData'
C:\Multiplayer SFML\Game\Rinha\gameHelper.h(342,64): warning C4099: 'SpriteData': nome de tipo visto primeiro usando 'class', agora visto usando 'struct'
C:\Multiplayer SFML\Game\Rinha\gameHelper.h(294,7): message : consulte a declaração de 'SpriteData'
C:\Multiplayer SFML\Game\Rinha\gameHelper.h(636,1): warning C4305: '=': truncamento de 'double' para 'float'
C:\Multiplayer SFML\Game\Rinha\gameHelper.h(637,1): warning C4305: '=': truncamento de 'double' para 'float'
C:\Multiplayer SFML\Game\Rinha\gameObject.h(94,1): warning C4305: '=': truncamento de 'double' para 'float'
C:\Multiplayer SFML\Game\Rinha\gameObject.h(95,1): warning C4305: '=': truncamento de 'double' para 'float'
C:\Multiplayer SFML\Game\Rinha\gameObject.h(210,75): warning C4244: 'argumento': conversão de 'int' para 'float', possível perda de dados
C:\Multiplayer SFML\Game\Rinha\gameObject.h(210,57): warning C4244: 'argumento': conversão de 'int' para 'float', possível perda de dados
C:\Multiplayer SFML\Game\Rinha\gameObject.h(211,75): warning C4244: 'argumento': conversão de 'float' para 'sf::Uint8', possível perda de dados
C:\Multiplayer SFML\Game\Rinha\gameObject.h(211,65): warning C4244: 'argumento': conversão de 'float' para 'sf::Uint8', possível perda de dados
C:\Multiplayer SFML\Game\Rinha\gameHelper.h(739,40): warning C4267: 'inicializando': conversão de 'size_t' para 'int', possível perda de dados
C:\Multiplayer SFML\Game\Rinha\gameHelper.h(754,40): warning C4267: 'inicializando': conversão de 'size_t' para 'int', possível perda de dados
C:\Multiplayer SFML\Game\Rinha\gameHelper.h(770,40): warning C4267: 'inicializando': conversão de 'size_t' para 'int', possível perda de dados
C:\Multiplayer SFML\Game\Rinha\gameHelper.h(791,40): warning C4267: 'inicializando': conversão de 'size_t' para 'int', possível perda de dados
C:\Multiplayer SFML\Game\Rinha\gameHelper.h(806,36): warning C4267: 'inicializando': conversão de 'size_t' para 'int', possível perda de dados
C:\Multiplayer SFML\Game\Rinha\gameObjectHandle.h(30,1): warning C4267: 'inicializando': conversão de 'size_t' para 'int', possível perda de dados
C:\Multiplayer SFML\Game\Rinha\gameObjectHandle.h(56,1): warning C4267: 'inicializando': conversão de 'size_t' para 'int', possível perda de dados
C:\Multiplayer SFML\Game\Rinha\gameObjectHandle.h(71,44): warning C4244: 'inicializando': conversão de 'int' para 'float', possível perda de dados
C:\Multiplayer SFML\Game\Rinha\gameObjectHandle.h(72,33): warning C4244: 'inicializando': conversão de 'double' para 'float', possível perda de dados
C:\Multiplayer SFML\Game\Rinha\gameObjectHandle.h(147,64): warning C4244: 'inicializando': conversão de 'int' para 'float', possível perda de dados
C:\Multiplayer SFML\Game\Rinha\gameObjectHandle.h(148,53): warning C4244: 'inicializando': conversão de 'double' para 'float', possível perda de dados
C:\Multiplayer SFML\Game\Rinha\gameObjectHandle.h(284,50): warning C4244: 'argumento': conversão de 'int' para 'float', possível perda de dados
C:\Multiplayer SFML\Game\Rinha\gameObjectHandle.h(288,28): warning C4804: '>': uso não seguro de tipo 'bool' em operação
C:\Multiplayer SFML\Game\Rinha\gameObjectHandle.h(331,50): warning C4244: 'argumento': conversão de 'int' para 'float', possível perda de dados
C:\Multiplayer SFML\Game\Rinha\gameObjectHandle.h(374,1): warning C4305: '*=': truncamento de 'double' para 'float'
C:\Multiplayer SFML\Game\Rinha\gameObjectHandle.h(439,51): warning C4244: 'argumento': conversão de 'int' para 'float', possível perda de dados
C:\Multiplayer SFML\Game\Rinha\gameObjectHandle.h(439,39): warning C4244: 'argumento': conversão de 'int' para 'float', possível perda de dados
C:\Multiplayer SFML\Game\Rinha\gameObjectHandle.h(439,30): warning C4244: 'argumento': conversão de 'int' para 'float', possível perda de dados
C:\Multiplayer SFML\Game\Rinha\gameObjectHandle.h(439,21): warning C4244: 'argumento': conversão de 'int' para 'float', possível perda de dados
C:\Multiplayer SFML\Game\Rinha\gameHelper.h(936,46): warning C4267: 'inicializando': conversão de 'size_t' para 'int', possível perda de dados
C:\Multiplayer SFML\Game\Rinha\gameHelper.h(980,1): warning C4305: '=': truncamento de 'double' para 'float'
C:\Multiplayer SFML\Game\Rinha\gameHelper.h(993,38): warning C4267: 'inicializando': conversão de 'size_t' para 'int', possível perda de dados
C:\Multiplayer SFML\Game\Rinha\eventHandler.h(207,1): warning C4099: 'RoomInfo': nome de tipo visto primeiro usando 'class', agora visto usando 'struct'
C:\Multiplayer SFML\Game\Rinha\gameHelper.h(162,7): message : consulte a declaração de 'RoomInfo'
C:\Multiplayer SFML\Game\Rinha\eventHandler.h(284,1): warning C4305: '=': truncamento de 'double' para 'float'
C:\Multiplayer SFML\Game\Rinha\gameRoomHandle.h(39,1): warning C4305: '*=': truncamento de 'double' para 'float'
C:\Multiplayer SFML\Game\Rinha\gameRoomHandle.h(50,1): warning C4305: '*=': truncamento de 'double' para 'float'
C:\Multiplayer SFML\Game\Rinha\gameRoomHandle.h(51,1): warning C4305: '*=': truncamento de 'double' para 'float'
C:\Multiplayer SFML\Game\Rinha\serverMain.h(26,37): warning C4305: '=': truncamento de 'double' para 'float'
C:\Multiplayer SFML\Game\Rinha\serverMain.h(59,40): warning C4305: '=': truncamento de 'double' para 'float'
C:\Multiplayer SFML\Game\Rinha\serverMain.h(257,66): warning C4244: 'argumento': conversão de 'int' para 'float', possível perda de dados
C:\Multiplayer SFML\Game\Rinha\serverMain.h(274,52): warning C4244: 'argumento': conversão de 'int' para 'float', possível perda de dados
C:\Multiplayer SFML\Game\Rinha\serverMain.h(355,78): warning C4267: 'inicializando': conversão de 'size_t' para 'int', possível perda de dados
C:\Multiplayer SFML\Game\Rinha\clientMain.h(218,29): warning C4099: 'RoomInfo': nome de tipo visto primeiro usando 'class', agora visto usando 'struct'
C:\Multiplayer SFML\Game\Rinha\gameHelper.h(162,7): message : consulte a declaração de 'RoomInfo'
C:\Multiplayer SFML\Game\Rinha\clientMain.h(421,22): warning C4305: '+=': truncamento de 'double' para 'float'
C:\Multiplayer SFML\Game\Rinha\clientMain.h(428,22): warning C4244: 'inicializando': conversão de 'T' para 'float', possível perda de dados
          with
          [
              T=int
          ]
C:\Multiplayer SFML\Game\Rinha\clientMain.h(429,22): warning C4244: 'inicializando': conversão de 'T' para 'float', possível perda de dados
          with
          [
              T=int
          ]
C:\Multiplayer SFML\Game\Rinha\clientMain.h(570,24): warning C4244: 'inicializando': conversão de 'float' para 'int', possível perda de dados
C:\Multiplayer SFML\Game\Rinha\clientMain.h(571,24): warning C4244: 'inicializando': conversão de 'float' para 'int', possível perda de dados
C:\Multiplayer SFML\Game\Rinha\clientMain.h(593,120): warning C4305: 'argumento': truncamento de 'double' para 'float'
C:\Multiplayer SFML\Game\Rinha\clientMain.h(616,62): warning C4244: 'argumento': conversão de 'int' para 'float', possível perda de dados
C:\Multiplayer SFML\Game\Rinha\clientMain.h(616,54): warning C4244: 'argumento': conversão de 'int' para 'float', possível perda de dados
  Gerando código
  2 of 830 functions ( 0.2%) were compiled, the rest were copied from previous compilation.
    0 functions were new in current compilation
    3 functions had inline decision re-evaluated but remain unchanged
  Finalizada a geração de código
  Rinha.vcxproj -> C:\Multiplayer SFML\Game\x64\Release\Game.exe
